<?xml version="1.0" encoding="UTF-8" ?>
<testsuite failures="0" time="1.41" errors="0" skipped="0" tests="4" name="com.emix.dubai.business.service.system.UserServiceTest">
  <properties>
[...]
</properties>
  <testcase time="1.324" classname="com.emix.dubai.business.service.system.UserServiceTest" name="registerUser"/>
  <testcase time="0.012" classname="com.emix.dubai.business.service.system.UserServiceTest" name="entryptPassword"/>
  <testcase time="0.011" classname="com.emix.dubai.business.service.system.UserServiceTest" name="updateUser"/>
  <testcase time="0.063" classname="com.emix.dubai.business.service.system.UserServiceTest" name="deleteUser"/>
</testsuite>